#
# There is insufficient memory for the Java Runtime Environment to continue.
# Native memory allocation (malloc) failed to allocate 1048576 bytes. Error detail: AllocateHeap
# Possible reasons:
#   The system is out of physical RAM or swap space
#   This process is running with CompressedOops enabled, and the Java Heap may be blocking the growth of the native heap
# Possible solutions:
#   Reduce memory load on the system
#   Increase physical memory or swap space
#   Check if swap backing store is full
#   Decrease Java heap size (-Xmx/-Xms)
#   Decrease number of Java threads
#   Decrease Java thread stack sizes (-Xss)
#   Set larger code cache with -XX:ReservedCodeCacheSize=
#   JVM is running with Unscaled Compressed Oops mode in which the Java heap is
#     placed in the first 4GB address space. The Java Heap base address is the
#     maximum limit for the native heap growth. Please use -XX:HeapBaseMinAddress
#     to set the Java Heap base and to place the Java Heap above 4GB virtual address.
# This output file may be truncated or incomplete.
#
#  Out of Memory Error (allocation.cpp:44), pid=1960, tid=15132
#
# JRE version: OpenJDK Runtime Environment Temurin-21.0.9+10 (21.0.9+10) (build 21.0.9+10-LTS)
# Java VM: OpenJDK 64-Bit Server VM Temurin-21.0.9+10 (21.0.9+10-LTS, mixed mode, sharing, tiered, compressed oops, compressed class ptrs, parallel gc, windows-amd64)
# No core dump will be written. Minidumps are not enabled by default on client versions of Windows
#

---------------  S U M M A R Y ------------

Command Line: --add-modules=ALL-SYSTEM --add-opens=java.base/java.util=ALL-UNNAMED --add-opens=java.base/java.lang=ALL-UNNAMED --add-opens=java.base/sun.nio.fs=ALL-UNNAMED -Declipse.application=org.eclipse.jdt.ls.core.id1 -Dosgi.bundles.defaultStartLevel=4 -Declipse.product=org.eclipse.jdt.ls.core.product -Djava.import.generatesMetadataFilesAtProjectRoot=false -DDetectVMInstallationsJob.disabled=true -Dfile.encoding=utf8 -XX:+UseParallelGC -XX:GCTimeRatio=4 -XX:AdaptiveSizePolicyWeight=90 -Dsun.zip.disableMemoryMapping=true -Xmx2G -Xms100m -Xlog:disable -javaagent:c:\Users\Admin\.vscode\extensions\redhat.java-1.49.0-win32-x64\lombok\lombok-1.18.39-4050.jar -XX:+HeapDumpOnOutOfMemoryError -XX:HeapDumpPath=c:\Users\Admin\AppData\Roaming\Code\User\workspaceStorage\53ac67c4bad9ce68bc546ffa7d1a25f1\redhat.java -Daether.dependencyCollector.impl=bf c:\Users\Admin\.vscode\extensions\redhat.java-1.49.0-win32-x64\server\plugins\org.eclipse.equinox.launcher_1.7.100.v20251111-0406.jar -configuration c:\Users\Admin\AppData\Roaming\Code\User\globalStorage\redhat.java\1.49.0\config_win -data c:\Users\Admin\AppData\Roaming\Code\User\workspaceStorage\53ac67c4bad9ce68bc546ffa7d1a25f1\redhat.java\jdt_ws --pipe=\\.\pipe\lsp-8c604a7e87fc29a4d940ed70e42176e0-sock

Host: 11th Gen Intel(R) Core(TM) i7-1165G7 @ 2.80GHz, 8 cores, 7G,  Windows 11 , 64 bit Build 22621 (10.0.22621.5415)
Time: Mon Dec  8 07:26:00 2025 SE Asia Standard Time elapsed time: 44491.951905 seconds (0d 12h 21m 31s)

---------------  T H R E A D  ---------------

Current thread (0x000001fed59c1b90):  JavaThread "Attach Listener" daemon [_thread_in_vm, id=15132, stack(0x0000000739000000,0x0000000739100000) (1024K)]

Stack: [0x0000000739000000,0x0000000739100000]
Native frames: (J=compiled Java code, j=interpreted, Vv=VM code, C=native code)
V  [jvm.dll+0x6d6e29]
V  [jvm.dll+0x8b4b76]
V  [jvm.dll+0x8b712e]
V  [jvm.dll+0x8b7813]
V  [jvm.dll+0x283d86]
V  [jvm.dll+0xc1277]
V  [jvm.dll+0x6d76d9]
V  [jvm.dll+0x133466]
V  [jvm.dll+0x3f7ea6]
V  [jvm.dll+0x85e9ad]
V  [jvm.dll+0x6d565d]
C  [ucrtbase.dll+0x29333]
C  [KERNEL32.DLL+0x1259d]
C  [ntdll.dll+0x5af78]


---------------  P R O C E S S  ---------------

Threads class SMR info:
_java_thread_list=0x000001fec1e2be60, length=46, elements={
0x000001fed5a4c2b0, 0x000001fed59bcef0, 0x000001fed59be7f0, 0x000001fed59c0b90,
0x000001fed59c1b90, 0x000001fed59c2b90, 0x000001fed59c7140, 0x000001fed59c8190,
0x000001fed59e1040, 0x000001fef21b36c0, 0x000001fef22ffaa0, 0x000001fef2c161d0,
0x000001fef2c14e20, 0x000001fef2c16ef0, 0x000001fef2c14790, 0x000001fef2c15b40,
0x000001fef2c17580, 0x000001fef2c14100, 0x000001fef2fdee50, 0x000001fef2fe2ff0,
0x000001fef2fe1c40, 0x000001fef2fe3680, 0x000001fef2fde7c0, 0x000001fef2fe3d10,
0x000001fef2fdd410, 0x000001fef2fe0890, 0x000001fef2fe4a30, 0x000001fef2fe43a0,
0x000001fef2fddaa0, 0x000001fef2fde130, 0x000001fef2fdfb70, 0x000001fef2fe0f20,
0x000001fef5dd8210, 0x000001fec134e360, 0x000001fec134f710, 0x000001fec134fda0,
0x000001fec1351150, 0x000001fec13517e0, 0x000001fec1351e70, 0x000001fec134aee0,
0x000001fef5dd9c50, 0x000001fef5dd74f0, 0x000001fef5ddb000, 0x000001fef5dd6e60,
0x000001fef5ddca40, 0x000001feff723b80
}

Java Threads: ( => current thread )
  0x000001fed5a4c2b0 JavaThread "main"                              [_thread_blocked, id=1268, stack(0x0000000738900000,0x0000000738a00000) (1024K)]
  0x000001fed59bcef0 JavaThread "Reference Handler"          daemon [_thread_blocked, id=9336, stack(0x0000000738d00000,0x0000000738e00000) (1024K)]
  0x000001fed59be7f0 JavaThread "Finalizer"                  daemon [_thread_blocked, id=1732, stack(0x0000000738e00000,0x0000000738f00000) (1024K)]
  0x000001fed59c0b90 JavaThread "Signal Dispatcher"          daemon [_thread_blocked, id=5524, stack(0x0000000738f00000,0x0000000739000000) (1024K)]
=>0x000001fed59c1b90 JavaThread "Attach Listener"            daemon [_thread_in_vm, id=15132, stack(0x0000000739000000,0x0000000739100000) (1024K)]
  0x000001fed59c2b90 JavaThread "Service Thread"             daemon [_thread_blocked, id=15392, stack(0x0000000739100000,0x0000000739200000) (1024K)]
  0x000001fed59c7140 JavaThread "Monitor Deflation Thread"   daemon [_thread_blocked, id=3240, stack(0x0000000739200000,0x0000000739300000) (1024K)]
  0x000001fed59c8190 JavaThread "C2 CompilerThread0"         daemon [_thread_blocked, id=13332, stack(0x0000000739300000,0x0000000739400000) (1024K)]
  0x000001fed59e1040 JavaThread "C1 CompilerThread0"         daemon [_thread_blocked, id=16600, stack(0x0000000739400000,0x0000000739500000) (1024K)]
  0x000001fef21b36c0 JavaThread "Common-Cleaner"             daemon [_thread_blocked, id=2828, stack(0x0000000739500000,0x0000000739600000) (1024K)]
  0x000001fef22ffaa0 JavaThread "Notification Thread"        daemon [_thread_blocked, id=9340, stack(0x0000000739700000,0x0000000739800000) (1024K)]
  0x000001fef2c161d0 JavaThread "Active Thread: Equinox Container: 1631d958-f3de-40ec-9ecd-d7c95d800273"        [_thread_blocked, id=5792, stack(0x0000000739e00000,0x0000000739f00000) (1024K)]
  0x000001fef2c14e20 JavaThread "Refresh Thread: Equinox Container: 1631d958-f3de-40ec-9ecd-d7c95d800273" daemon [_thread_blocked, id=4396, stack(0x0000000739600000,0x0000000739700000) (1024K)]
  0x000001fef2c16ef0 JavaThread "Framework Event Dispatcher: Equinox Container: 1631d958-f3de-40ec-9ecd-d7c95d800273" daemon [_thread_blocked, id=5312, stack(0x000000073a000000,0x000000073a100000) (1024K)]
  0x000001fef2c14790 JavaThread "Start Level: Equinox Container: 1631d958-f3de-40ec-9ecd-d7c95d800273" daemon [_thread_blocked, id=9480, stack(0x000000073a100000,0x000000073a200000) (1024K)]
  0x000001fef2c15b40 JavaThread "Bundle File Closer"         daemon [_thread_blocked, id=8616, stack(0x000000073a300000,0x000000073a400000) (1024K)]
  0x000001fef2c17580 JavaThread "SCR Component Actor"        daemon [_thread_blocked, id=8480, stack(0x000000073a200000,0x000000073a300000) (1024K)]
  0x000001fef2c14100 JavaThread "Worker-JM"                         [_thread_blocked, id=11148, stack(0x000000073a400000,0x000000073a500000) (1024K)]
  0x000001fef2fdee50 JavaThread "JNA Cleaner"                daemon [_thread_blocked, id=8988, stack(0x000000073a500000,0x000000073a600000) (1024K)]
  0x000001fef2fe2ff0 JavaThread "Java indexing"              daemon [_thread_blocked, id=7044, stack(0x000000073a800000,0x000000073a900000) (1024K)]
  0x000001fef2fe1c40 JavaThread "Thread-1"                   daemon [_thread_in_native, id=12200, stack(0x000000073ae00000,0x000000073af00000) (1024K)]
  0x000001fef2fe3680 JavaThread "Thread-2"                   daemon [_thread_in_native, id=12116, stack(0x000000073af00000,0x000000073b000000) (1024K)]
  0x000001fef2fde7c0 JavaThread "Thread-3"                   daemon [_thread_in_native, id=9024, stack(0x000000073b000000,0x000000073b100000) (1024K)]
  0x000001fef2fe3d10 JavaThread "Thread-4"                   daemon [_thread_in_native, id=7256, stack(0x000000073b100000,0x000000073b200000) (1024K)]
  0x000001fef2fdd410 JavaThread "Thread-5"                   daemon [_thread_in_native, id=11252, stack(0x000000073b200000,0x000000073b300000) (1024K)]
  0x000001fef2fe0890 JavaThread "Thread-6"                   daemon [_thread_in_native, id=11780, stack(0x000000073b300000,0x000000073b400000) (1024K)]
  0x000001fef2fe4a30 JavaThread "Thread-7"                   daemon [_thread_in_native, id=11704, stack(0x000000073b400000,0x000000073b500000) (1024K)]
  0x000001fef2fe43a0 JavaThread "Thread-8"                   daemon [_thread_in_native, id=10808, stack(0x000000073b500000,0x000000073b600000) (1024K)]
  0x000001fef2fddaa0 JavaThread "Thread-9"                   daemon [_thread_in_native, id=12080, stack(0x000000073b600000,0x000000073b700000) (1024K)]
  0x000001fef2fde130 JavaThread "pool-2-thread-1"                   [_thread_blocked, id=14280, stack(0x000000073b700000,0x000000073b800000) (1024K)]
  0x000001fef2fdfb70 JavaThread "WorkspaceEventsHandler"            [_thread_blocked, id=11280, stack(0x000000073b800000,0x000000073b900000) (1024K)]
  0x000001fef2fe0f20 JavaThread "pool-1-thread-1"                   [_thread_blocked, id=11020, stack(0x000000073b900000,0x000000073ba00000) (1024K)]
  0x000001fef5dd8210 JavaThread "Cleaner-0"                  daemon [_thread_blocked, id=4408, stack(0x000000073c300000,0x000000073c400000) (1024K)]
  0x000001fec134e360 JavaThread "ForkJoinPool.commonPool-worker-32" daemon [_thread_blocked, id=17720, stack(0x000000073a700000,0x000000073a800000) (1024K)]
  0x000001fec134f710 JavaThread "ForkJoinPool.commonPool-worker-35" daemon [_thread_blocked, id=17936, stack(0x000000073ab00000,0x000000073ac00000) (1024K)]
  0x000001fec134fda0 JavaThread "Worker-28"                         [_thread_blocked, id=6948, stack(0x000000073ac00000,0x000000073ad00000) (1024K)]
  0x000001fec1351150 JavaThread "Java Debug Server"          daemon [_thread_in_native, id=8080, stack(0x000000073bb00000,0x000000073bc00000) (1024K)]
  0x000001fec13517e0 JavaThread "pool-5-thread-1"                   [_thread_in_native, id=17928, stack(0x000000073bd00000,0x000000073be00000) (1024K)]
  0x000001fec1351e70 JavaThread "RxSchedulerPurge-1"         daemon [_thread_blocked, id=18836, stack(0x000000073be00000,0x000000073bf00000) (1024K)]
  0x000001fec134aee0 JavaThread "RxCachedWorkerPoolEvictor-1" daemon [_thread_blocked, id=9320, stack(0x000000073bf00000,0x000000073c000000) (1024K)]
  0x000001fef5dd9c50 JavaThread "process reaper (pid 7668)"  daemon [_thread_in_native, id=15668, stack(0x0000000738380000,0x00000007383a0000) (128K)]
  0x000001fef5dd74f0 JavaThread "Worker-31"                         [_thread_blocked, id=11396, stack(0x000000073c200000,0x000000073c300000) (1024K)]
  0x000001fef5ddb000 JavaThread "LocalFile Deleter"          daemon [_thread_blocked, id=3432, stack(0x000000073cc00000,0x000000073cd00000) (1024K)]
  0x000001fef5dd6e60 JavaThread "LocalFile Deleter"          daemon [_thread_blocked, id=9672, stack(0x000000073ce00000,0x000000073cf00000) (1024K)]
  0x000001fef5ddca40 JavaThread "LocalFile Deleter"          daemon [_thread_blocked, id=13196, stack(0x000000073d200000,0x000000073d300000) (1024K)]
  0x000001feff723b80 JavaThread "RxNewThreadScheduler-3"     daemon [_thread_blocked, id=19016, stack(0x000000073c000000,0x000000073c100000) (1024K)]
Total: 46

Other Threads:
  0x000001fed5b0d470 VMThread "VM Thread"                           [id=3688, stack(0x0000000738c00000,0x0000000738d00000) (1024K)]
  0x000001fed5ab6030 WatcherThread "VM Periodic Task Thread"        [id=7652, stack(0x0000000738b00000,0x0000000738c00000) (1024K)]
  0x000001fed5a6a9e0 WorkerThread "GC Thread#0"                     [id=4252, stack(0x0000000738a00000,0x0000000738b00000) (1024K)]
  0x000001fef2548310 WorkerThread "GC Thread#1"                     [id=16624, stack(0x0000000739800000,0x0000000739900000) (1024K)]
  0x000001fef25486b0 WorkerThread "GC Thread#2"                     [id=11228, stack(0x0000000739900000,0x0000000739a00000) (1024K)]
  0x000001fef2548a50 WorkerThread "GC Thread#3"                     [id=12028, stack(0x0000000739a00000,0x0000000739b00000) (1024K)]
  0x000001fef2548df0 WorkerThread "GC Thread#4"                     [id=2156, stack(0x0000000739b00000,0x0000000739c00000) (1024K)]
  0x000001fef266da10 WorkerThread "GC Thread#5"                     [id=14172, stack(0x0000000739c00000,0x0000000739d00000) (1024K)]
  0x000001fef266ddb0 WorkerThread "GC Thread#6"                     [id=13528, stack(0x0000000739d00000,0x0000000739e00000) (1024K)]
  0x000001fef26fa360 WorkerThread "GC Thread#7"                     [id=1848, stack(0x0000000739f00000,0x000000073a000000) (1024K)]
Total: 10

Threads with active compile tasks:
Total: 0

VM state: not at safepoint (normal execution)

VM Mutex/Monitor currently owned by a thread: None

Heap address: 0x0000000080000000, size: 2048 MB, Compressed Oops mode: 32-bit

CDS archive(s) mapped at: [0x000001fe80000000-0x000001fe80ba0000-0x000001fe80ba0000), size 12189696, SharedBaseAddress: 0x000001fe80000000, ArchiveRelocationMode: 1.
Compressed class space mapped at: 0x000001fe81000000-0x000001fec1000000, reserved size: 1073741824
Narrow klass base: 0x000001fe80000000, Narrow klass shift: 0, Narrow klass range: 0x100000000

GC Precious Log:
 CardTable entry size: 512
 CPUs: 8 total, 8 available
 Memory: 7834M
 Large Page Support: Disabled
 NUMA Support: Disabled
 Compressed Oops: Enabled (32-bit)
 Alignments: Space 512K, Generation 512K, Heap 2M
 Heap Min Capacity: 100M
 Heap Initial Capacity: 100M
 Heap Max Capacity: 2G
 Pre-touch: Disabled
 Parallel Workers: 8

Heap:
 PSYoungGen      total 9216K, used 5402K [0x00000000d5580000, 0x00000000d6300000, 0x0000000100000000)
  eden space 8704K, 60% used [0x00000000d5580000,0x00000000d5aaeae8,0x00000000d5e00000)
  from space 512K, 18% used [0x00000000d6280000,0x00000000d6298000,0x00000000d6300000)
  to   space 512K, 0% used [0x00000000d6200000,0x00000000d6200000,0x00000000d6280000)
 ParOldGen       total 962048K, used 237970K [0x0000000080000000, 0x00000000bab80000, 0x00000000d5580000)
  object space 962048K, 24% used [0x0000000080000000,0x000000008e864850,0x00000000bab80000)
 Metaspace       used 92957K, committed 94784K, reserved 1179648K
  class space    used 9469K, committed 10368K, reserved 1048576K

Card table byte_map: [0x000001fed53f0000,0x000001fed5800000] _byte_map_base: 0x000001fed4ff0000

Marking Bits: (ParMarkBitMap*) 0x00007ffb4c8b2460
 Begin Bits: [0x000001fee7f00000, 0x000001fee9f00000)
 End Bits:   [0x000001fee9f00000, 0x000001feebf00000)

Polling page: 0x000001fed38d0000

Metaspace:

Usage:
  Non-class:     81.53 MB used.
      Class:      9.25 MB used.
       Both:     90.78 MB used.

Virtual space:
  Non-class space:      128.00 MB reserved,      82.44 MB ( 64%) committed,  2 nodes.
      Class space:        1.00 GB reserved,      10.12 MB ( <1%) committed,  1 nodes.
             Both:        1.12 GB reserved,      92.56 MB (  8%) committed. 

Chunk freelists:
   Non-Class:  12.62 MB
       Class:  6.02 MB
        Both:  18.64 MB

MaxMetaspaceSize: unlimited
CompressedClassSpaceSize: 1.00 GB
Initial GC threshold: 21.00 MB
Current GC threshold: 152.75 MB
CDS: on
 - commit_granule_bytes: 65536.
 - commit_granule_words: 8192.
 - virtual_space_node_default_size: 8388608.
 - enlarge_chunks_in_place: 1.
 - use_allocation_guard: 0.


Internal statistics:

num_allocs_failed_limit: 13.
num_arena_births: 1944.
num_arena_deaths: 414.
num_vsnodes_births: 3.
num_vsnodes_deaths: 0.
num_space_committed: 1486.
num_space_uncommitted: 4.
num_chunks_returned_to_freelist: 546.
num_chunks_taken_from_freelist: 6761.
num_chunk_merges: 150.
num_chunk_splits: 3915.
num_chunks_enlarged: 2065.
num_inconsistent_stats: 0.

CodeHeap 'non-profiled nmethods': size=120000Kb used=22010Kb max_used=23087Kb free=97989Kb
 bounds [0x000001fee0720000, 0x000001fee1db0000, 0x000001fee7c50000]
CodeHeap 'profiled nmethods': size=120000Kb used=47688Kb max_used=52142Kb free=72311Kb
 bounds [0x000001fed8c50000, 0x000001fedbf40000, 0x000001fee0180000]
CodeHeap 'non-nmethods': size=5760Kb used=1554Kb max_used=1635Kb free=4205Kb
 bounds [0x000001fee0180000, 0x000001fee03f0000, 0x000001fee0720000]
CodeCache: size=245760Kb, used=71252Kb, max_used=76864Kb, free=174505Kb
 total_blobs=20821, nmethods=19954, adapters=767, full_count=0
Compilation: enabled, stopped_count=0, restarted_count=0

Compilation events (20 events):
Event: 44394.505 Thread 0x000001fed59c8190 25348       4       java.util.concurrent.ScheduledThreadPoolExecutor$ScheduledFutureTask::setNextRunTime (38 bytes)
Event: 44394.506 Thread 0x000001fed59c8190 nmethod 25348 0x000001fee1342110 code [0x000001fee13422a0, 0x000001fee13423d8]
Event: 44394.506 Thread 0x000001fed59c8190 25349       4       java.util.concurrent.ScheduledThreadPoolExecutor::reExecutePeriodic (49 bytes)
Event: 44394.513 Thread 0x000001feff28b5a0 nmethod 25346 0x000001fee1340690 code [0x000001fee1340960, 0x000001fee1341508]
Event: 44394.514 Thread 0x000001feff28b5a0 25352       4       java.util.concurrent.ConcurrentHashMap::keySet (26 bytes)
Event: 44394.515 Thread 0x000001feff28b5a0 nmethod 25352 0x000001fee1340310 code [0x000001fee13404a0, 0x000001fee13405d0]
Event: 44394.515 Thread 0x000001feff28b5a0 25335       4       java.util.concurrent.TimeUnit::convert (73 bytes)
Event: 44394.516 Thread 0x000001feff28b5a0 nmethod 25335 0x000001fee133fe90 code [0x000001fee1340040, 0x000001fee13401d0]
Event: 44394.516 Thread 0x000001feff28b5a0 25336       4       java.util.concurrent.ScheduledThreadPoolExecutor$ScheduledFutureTask::getDelay (16 bytes)
Event: 44394.517 Thread 0x000001feff28b5a0 nmethod 25336 0x000001fee133f710 code [0x000001fee133f8c0, 0x000001fee133fa58]
Event: 44394.518 Thread 0x000001fed59c8190 nmethod 25349 0x000001fee142e390 code [0x000001fee142e5e0, 0x000001fee142edd0]
Event: 44394.518 Thread 0x000001feff28b5a0 25345       4       java.util.concurrent.ScheduledThreadPoolExecutor$DelayedWorkQueue::finishPoll (43 bytes)
Event: 44394.518 Thread 0x000001fed59c8190 25339       4       java.util.concurrent.ConcurrentHashMap$KeySetView::iterator (34 bytes)
Event: 44394.520 Thread 0x000001feff28b5a0 nmethod 25345 0x000001fee142df10 code [0x000001fee142e0a0, 0x000001fee142e1f8]
Event: 44394.520 Thread 0x000001feff28b5a0 25340       4       java.util.concurrent.ConcurrentHashMap$KeyIterator::<init> (12 bytes)
Event: 44394.523 Thread 0x000001fed59c8190 nmethod 25339 0x000001fee142d810 code [0x000001fee142d9c0, 0x000001fee142dcc0]
Event: 44394.524 Thread 0x000001feff28b5a0 nmethod 25340 0x000001fee142d290 code [0x000001fee142d420, 0x000001fee142d640]
Event: 44394.533 Thread 0x000001feff28aed0 nmethod 25334 0x000001fee1428e90 code [0x000001fee1429240, 0x000001fee142ad10]
Event: 44435.545 Thread 0x000001fed59c8190 25354       4       sun.nio.ch.Util::free (13 bytes)
Event: 44435.574 Thread 0x000001fed59c8190 nmethod 25354 0x000001fee1428510 code [0x000001fee1428700, 0x000001fee1428b80]

GC Heap History (20 events):
Event: 14221.303 GC heap before
{Heap before GC invocations=1808 (full 5):
 PSYoungGen      total 9728K, used 9727K [0x00000000d5580000, 0x00000000d6400000, 0x0000000100000000)
  eden space 8704K, 99% used [0x00000000d5580000,0x00000000d5dfffe0,0x00000000d5e00000)
  from space 1024K, 100% used [0x00000000d6200000,0x00000000d6300000,0x00000000d6300000)
  to   space 3072K, 0% used [0x00000000d5e00000,0x00000000d5e00000,0x00000000d6100000)
 ParOldGen       total 962048K, used 229316K [0x0000000080000000, 0x00000000bab80000, 0x00000000d5580000)
  object space 962048K, 23% used [0x0000000080000000,0x000000008dff1180,0x00000000bab80000)
 Metaspace       used 92602K, committed 94464K, reserved 1179648K
  class space    used 9439K, committed 10368K, reserved 1048576K
}
Event: 14221.306 GC heap after
{Heap after GC invocations=1808 (full 5):
 PSYoungGen      total 11776K, used 3055K [0x00000000d5580000, 0x00000000d6b00000, 0x0000000100000000)
  eden space 8704K, 0% used [0x00000000d5580000,0x00000000d5580000,0x00000000d5e00000)
  from space 3072K, 99% used [0x00000000d5e00000,0x00000000d60fbd78,0x00000000d6100000)
  to   space 6656K, 0% used [0x00000000d6480000,0x00000000d6480000,0x00000000d6b00000)
 ParOldGen       total 962048K, used 231939K [0x0000000080000000, 0x00000000bab80000, 0x00000000d5580000)
  object space 962048K, 24% used [0x0000000080000000,0x000000008e280fe0,0x00000000bab80000)
 Metaspace       used 92602K, committed 94464K, reserved 1179648K
  class space    used 9439K, committed 10368K, reserved 1048576K
}
Event: 14221.325 GC heap before
{Heap before GC invocations=1809 (full 5):
 PSYoungGen      total 11776K, used 11759K [0x00000000d5580000, 0x00000000d6b00000, 0x0000000100000000)
  eden space 8704K, 100% used [0x00000000d5580000,0x00000000d5e00000,0x00000000d5e00000)
  from space 3072K, 99% used [0x00000000d5e00000,0x00000000d60fbd78,0x00000000d6100000)
  to   space 6656K, 0% used [0x00000000d6480000,0x00000000d6480000,0x00000000d6b00000)
 ParOldGen       total 962048K, used 231939K [0x0000000080000000, 0x00000000bab80000, 0x00000000d5580000)
  object space 962048K, 24% used [0x0000000080000000,0x000000008e280fe0,0x00000000bab80000)
 Metaspace       used 92603K, committed 94464K, reserved 1179648K
  class space    used 9439K, committed 10368K, reserved 1048576K
}
Event: 14221.328 GC heap after
{Heap after GC invocations=1809 (full 5):
 PSYoungGen      total 12288K, used 3488K [0x00000000d5580000, 0x00000000d6800000, 0x0000000100000000)
  eden space 8704K, 0% used [0x00000000d5580000,0x00000000d5580000,0x00000000d5e00000)
  from space 3584K, 97% used [0x00000000d6480000,0x00000000d67e83f0,0x00000000d6800000)
  to   space 4608K, 0% used [0x00000000d5f00000,0x00000000d5f00000,0x00000000d6380000)
 ParOldGen       total 962048K, used 234969K [0x0000000080000000, 0x00000000bab80000, 0x00000000d5580000)
  object space 962048K, 24% used [0x0000000080000000,0x000000008e5767c0,0x00000000bab80000)
 Metaspace       used 92603K, committed 94464K, reserved 1179648K
  class space    used 9439K, committed 10368K, reserved 1048576K
}
Event: 14221.443 GC heap before
{Heap before GC invocations=1810 (full 5):
 PSYoungGen      total 12288K, used 12192K [0x00000000d5580000, 0x00000000d6800000, 0x0000000100000000)
  eden space 8704K, 100% used [0x00000000d5580000,0x00000000d5e00000,0x00000000d5e00000)
  from space 3584K, 97% used [0x00000000d6480000,0x00000000d67e83f0,0x00000000d6800000)
  to   space 4608K, 0% used [0x00000000d5f00000,0x00000000d5f00000,0x00000000d6380000)
 ParOldGen       total 962048K, used 234969K [0x0000000080000000, 0x00000000bab80000, 0x00000000d5580000)
  object space 962048K, 24% used [0x0000000080000000,0x000000008e5767c0,0x00000000bab80000)
 Metaspace       used 92633K, committed 94464K, reserved 1179648K
  class space    used 9439K, committed 10368K, reserved 1048576K
}
Event: 14221.445 GC heap after
{Heap after GC invocations=1810 (full 5):
 PSYoungGen      total 9216K, used 240K [0x00000000d5580000, 0x00000000d6500000, 0x0000000100000000)
  eden space 8704K, 0% used [0x00000000d5580000,0x00000000d5580000,0x00000000d5e00000)
  from space 512K, 46% used [0x00000000d5f00000,0x00000000d5f3c010,0x00000000d5f80000)
  to   space 2048K, 0% used [0x00000000d6300000,0x00000000d6300000,0x00000000d6500000)
 ParOldGen       total 962048K, used 236108K [0x0000000080000000, 0x00000000bab80000, 0x00000000d5580000)
  object space 962048K, 24% used [0x0000000080000000,0x000000008e6932a8,0x00000000bab80000)
 Metaspace       used 92633K, committed 94464K, reserved 1179648K
  class space    used 9439K, committed 10368K, reserved 1048576K
}
Event: 14221.987 GC heap before
{Heap before GC invocations=1811 (full 5):
 PSYoungGen      total 9216K, used 8943K [0x00000000d5580000, 0x00000000d6500000, 0x0000000100000000)
  eden space 8704K, 99% used [0x00000000d5580000,0x00000000d5dfffc0,0x00000000d5e00000)
  from space 512K, 46% used [0x00000000d5f00000,0x00000000d5f3c010,0x00000000d5f80000)
  to   space 2048K, 0% used [0x00000000d6300000,0x00000000d6300000,0x00000000d6500000)
 ParOldGen       total 962048K, used 236108K [0x0000000080000000, 0x00000000bab80000, 0x00000000d5580000)
  object space 962048K, 24% used [0x0000000080000000,0x000000008e6932a8,0x00000000bab80000)
 Metaspace       used 92672K, committed 94528K, reserved 1179648K
  class space    used 9439K, committed 10368K, reserved 1048576K
}
Event: 14221.989 GC heap after
{Heap after GC invocations=1811 (full 5):
 PSYoungGen      total 9728K, used 964K [0x00000000d5580000, 0x00000000d6400000, 0x0000000100000000)
  eden space 8704K, 0% used [0x00000000d5580000,0x00000000d5580000,0x00000000d5e00000)
  from space 1024K, 94% used [0x00000000d6300000,0x00000000d63f1210,0x00000000d6400000)
  to   space 1536K, 0% used [0x00000000d6100000,0x00000000d6100000,0x00000000d6280000)
 ParOldGen       total 962048K, used 236180K [0x0000000080000000, 0x00000000bab80000, 0x00000000d5580000)
  object space 962048K, 24% used [0x0000000080000000,0x000000008e6a52b8,0x00000000bab80000)
 Metaspace       used 92672K, committed 94528K, reserved 1179648K
  class space    used 9439K, committed 10368K, reserved 1048576K
}
Event: 14222.019 GC heap before
{Heap before GC invocations=1812 (full 5):
 PSYoungGen      total 9728K, used 9663K [0x00000000d5580000, 0x00000000d6400000, 0x0000000100000000)
  eden space 8704K, 99% used [0x00000000d5580000,0x00000000d5dfeda8,0x00000000d5e00000)
  from space 1024K, 94% used [0x00000000d6300000,0x00000000d63f1210,0x00000000d6400000)
  to   space 1536K, 0% used [0x00000000d6100000,0x00000000d6100000,0x00000000d6280000)
 ParOldGen       total 962048K, used 236180K [0x0000000080000000, 0x00000000bab80000, 0x00000000d5580000)
  object space 962048K, 24% used [0x0000000080000000,0x000000008e6a52b8,0x00000000bab80000)
 Metaspace       used 92683K, committed 94528K, reserved 1179648K
  class space    used 9439K, committed 10368K, reserved 1048576K
}
Event: 14222.021 GC heap after
{Heap after GC invocations=1812 (full 5):
 PSYoungGen      total 10240K, used 448K [0x00000000d5580000, 0x00000000d6380000, 0x0000000100000000)
  eden space 8704K, 0% used [0x00000000d5580000,0x00000000d5580000,0x00000000d5e00000)
  from space 1536K, 29% used [0x00000000d6100000,0x00000000d6170000,0x00000000d6280000)
  to   space 1024K, 0% used [0x00000000d6280000,0x00000000d6280000,0x00000000d6380000)
 ParOldGen       total 962048K, used 237003K [0x0000000080000000, 0x00000000bab80000, 0x00000000d5580000)
  object space 962048K, 24% used [0x0000000080000000,0x000000008e772d08,0x00000000bab80000)
 Metaspace       used 92683K, committed 94528K, reserved 1179648K
  class space    used 9439K, committed 10368K, reserved 1048576K
}
Event: 14223.484 GC heap before
{Heap before GC invocations=1813 (full 5):
 PSYoungGen      total 10240K, used 9034K [0x00000000d5580000, 0x00000000d6380000, 0x0000000100000000)
  eden space 8704K, 98% used [0x00000000d5580000,0x00000000d5de2bf0,0x00000000d5e00000)
  from space 1536K, 29% used [0x00000000d6100000,0x00000000d6170000,0x00000000d6280000)
  to   space 1024K, 0% used [0x00000000d6280000,0x00000000d6280000,0x00000000d6380000)
 ParOldGen       total 962048K, used 237003K [0x0000000080000000, 0x00000000bab80000, 0x00000000d5580000)
  object space 962048K, 24% used [0x0000000080000000,0x000000008e772d08,0x00000000bab80000)
 Metaspace       used 92687K, committed 94528K, reserved 1179648K
  class space    used 9439K, committed 10368K, reserved 1048576K
}
Event: 14223.485 GC heap after
{Heap after GC invocations=1813 (full 5):
 PSYoungGen      total 9216K, used 256K [0x00000000d5580000, 0x00000000d6300000, 0x0000000100000000)
  eden space 8704K, 0% used [0x00000000d5580000,0x00000000d5580000,0x00000000d5e00000)
  from space 512K, 50% used [0x00000000d6280000,0x00000000d62c0000,0x00000000d6300000)
  to   space 512K, 0% used [0x00000000d6200000,0x00000000d6200000,0x00000000d6280000)
 ParOldGen       total 962048K, used 237342K [0x0000000080000000, 0x00000000bab80000, 0x00000000d5580000)
  object space 962048K, 24% used [0x0000000080000000,0x000000008e7c7bf8,0x00000000bab80000)
 Metaspace       used 92687K, committed 94528K, reserved 1179648K
  class space    used 9439K, committed 10368K, reserved 1048576K
}
Event: 14430.042 GC heap before
{Heap before GC invocations=1814 (full 5):
 PSYoungGen      total 9216K, used 8959K [0x00000000d5580000, 0x00000000d6300000, 0x0000000100000000)
  eden space 8704K, 99% used [0x00000000d5580000,0x00000000d5dfffe8,0x00000000d5e00000)
  from space 512K, 50% used [0x00000000d6280000,0x00000000d62c0000,0x00000000d6300000)
  to   space 512K, 0% used [0x00000000d6200000,0x00000000d6200000,0x00000000d6280000)
 ParOldGen       total 962048K, used 237342K [0x0000000080000000, 0x00000000bab80000, 0x00000000d5580000)
  object space 962048K, 24% used [0x0000000080000000,0x000000008e7c7bf8,0x00000000bab80000)
 Metaspace       used 92938K, committed 94784K, reserved 1179648K
  class space    used 9466K, committed 10368K, reserved 1048576K
}
Event: 14430.059 GC heap after
{Heap after GC invocations=1814 (full 5):
 PSYoungGen      total 9216K, used 510K [0x00000000d5580000, 0x00000000d6300000, 0x0000000100000000)
  eden space 8704K, 0% used [0x00000000d5580000,0x00000000d5580000,0x00000000d5e00000)
  from space 512K, 99% used [0x00000000d6200000,0x00000000d627fb10,0x00000000d6280000)
  to   space 512K, 0% used [0x00000000d6280000,0x00000000d6280000,0x00000000d6300000)
 ParOldGen       total 962048K, used 237399K [0x0000000080000000, 0x00000000bab80000, 0x00000000d5580000)
  object space 962048K, 24% used [0x0000000080000000,0x000000008e7d5c08,0x00000000bab80000)
 Metaspace       used 92938K, committed 94784K, reserved 1179648K
  class space    used 9466K, committed 10368K, reserved 1048576K
}
Event: 14430.114 GC heap before
{Heap before GC invocations=1815 (full 5):
 PSYoungGen      total 9216K, used 9135K [0x00000000d5580000, 0x00000000d6300000, 0x0000000100000000)
  eden space 8704K, 99% used [0x00000000d5580000,0x00000000d5dec200,0x00000000d5e00000)
  from space 512K, 99% used [0x00000000d6200000,0x00000000d627fb10,0x00000000d6280000)
  to   space 512K, 0% used [0x00000000d6280000,0x00000000d6280000,0x00000000d6300000)
 ParOldGen       total 962048K, used 237399K [0x0000000080000000, 0x00000000bab80000, 0x00000000d5580000)
  object space 962048K, 24% used [0x0000000080000000,0x000000008e7d5c08,0x00000000bab80000)
 Metaspace       used 92953K, committed 94784K, reserved 1179648K
  class space    used 9469K, committed 10368K, reserved 1048576K
}
Event: 14430.117 GC heap after
{Heap after GC invocations=1815 (full 5):
 PSYoungGen      total 9216K, used 372K [0x00000000d5580000, 0x00000000d6300000, 0x0000000100000000)
  eden space 8704K, 0% used [0x00000000d5580000,0x00000000d5580000,0x00000000d5e00000)
  from space 512K, 72% used [0x00000000d6280000,0x00000000d62dd200,0x00000000d6300000)
  to   space 512K, 0% used [0x00000000d6200000,0x00000000d6200000,0x00000000d6280000)
 ParOldGen       total 962048K, used 237714K [0x0000000080000000, 0x00000000bab80000, 0x00000000d5580000)
  object space 962048K, 24% used [0x0000000080000000,0x000000008e824850,0x00000000bab80000)
 Metaspace       used 92953K, committed 94784K, reserved 1179648K
  class space    used 9469K, committed 10368K, reserved 1048576K
}
Event: 44394.418 GC heap before
{Heap before GC invocations=1816 (full 5):
 PSYoungGen      total 9216K, used 9076K [0x00000000d5580000, 0x00000000d6300000, 0x0000000100000000)
  eden space 8704K, 100% used [0x00000000d5580000,0x00000000d5e00000,0x00000000d5e00000)
  from space 512K, 72% used [0x00000000d6280000,0x00000000d62dd200,0x00000000d6300000)
  to   space 512K, 0% used [0x00000000d6200000,0x00000000d6200000,0x00000000d6280000)
 ParOldGen       total 962048K, used 237714K [0x0000000080000000, 0x00000000bab80000, 0x00000000d5580000)
  object space 962048K, 24% used [0x0000000080000000,0x000000008e824850,0x00000000bab80000)
 Metaspace       used 92957K, committed 94784K, reserved 1179648K
  class space    used 9469K, committed 10368K, reserved 1048576K
}
Event: 44394.421 GC heap after
{Heap after GC invocations=1816 (full 5):
 PSYoungGen      total 9216K, used 224K [0x00000000d5580000, 0x00000000d6300000, 0x0000000100000000)
  eden space 8704K, 0% used [0x00000000d5580000,0x00000000d5580000,0x00000000d5e00000)
  from space 512K, 43% used [0x00000000d6200000,0x00000000d6238000,0x00000000d6280000)
  to   space 512K, 0% used [0x00000000d6280000,0x00000000d6280000,0x00000000d6300000)
 ParOldGen       total 962048K, used 237898K [0x0000000080000000, 0x00000000bab80000, 0x00000000d5580000)
  object space 962048K, 24% used [0x0000000080000000,0x000000008e852850,0x00000000bab80000)
 Metaspace       used 92957K, committed 94784K, reserved 1179648K
  class space    used 9469K, committed 10368K, reserved 1048576K
}
Event: 44394.462 GC heap before
{Heap before GC invocations=1817 (full 5):
 PSYoungGen      total 9216K, used 8928K [0x00000000d5580000, 0x00000000d6300000, 0x0000000100000000)
  eden space 8704K, 100% used [0x00000000d5580000,0x00000000d5e00000,0x00000000d5e00000)
  from space 512K, 43% used [0x00000000d6200000,0x00000000d6238000,0x00000000d6280000)
  to   space 512K, 0% used [0x00000000d6280000,0x00000000d6280000,0x00000000d6300000)
 ParOldGen       total 962048K, used 237898K [0x0000000080000000, 0x00000000bab80000, 0x00000000d5580000)
  object space 962048K, 24% used [0x0000000080000000,0x000000008e852850,0x00000000bab80000)
 Metaspace       used 92957K, committed 94784K, reserved 1179648K
  class space    used 9469K, committed 10368K, reserved 1048576K
}
Event: 44394.464 GC heap after
{Heap after GC invocations=1817 (full 5):
 PSYoungGen      total 9216K, used 96K [0x00000000d5580000, 0x00000000d6300000, 0x0000000100000000)
  eden space 8704K, 0% used [0x00000000d5580000,0x00000000d5580000,0x00000000d5e00000)
  from space 512K, 18% used [0x00000000d6280000,0x00000000d6298000,0x00000000d6300000)
  to   space 512K, 0% used [0x00000000d6200000,0x00000000d6200000,0x00000000d6280000)
 ParOldGen       total 962048K, used 237970K [0x0000000080000000, 0x00000000bab80000, 0x00000000d5580000)
  object space 962048K, 24% used [0x0000000080000000,0x000000008e864850,0x00000000bab80000)
 Metaspace       used 92957K, committed 94784K, reserved 1179648K
  class space    used 9469K, committed 10368K, reserved 1048576K
}

Dll operation events (12 events):
Event: 0.029 Loaded shared library c:\Users\Admin\.vscode\extensions\redhat.java-1.49.0-win32-x64\jre\21.0.9-win32-x86_64\bin\java.dll
Event: 0.125 Loaded shared library c:\Users\Admin\.vscode\extensions\redhat.java-1.49.0-win32-x64\jre\21.0.9-win32-x86_64\bin\zip.dll
Event: 0.145 Loaded shared library C:\Users\Admin\.vscode\extensions\redhat.java-1.49.0-win32-x64\jre\21.0.9-win32-x86_64\bin\instrument.dll
Event: 0.150 Loaded shared library C:\Users\Admin\.vscode\extensions\redhat.java-1.49.0-win32-x64\jre\21.0.9-win32-x86_64\bin\net.dll
Event: 0.153 Loaded shared library C:\Users\Admin\.vscode\extensions\redhat.java-1.49.0-win32-x64\jre\21.0.9-win32-x86_64\bin\nio.dll
Event: 0.160 Loaded shared library C:\Users\Admin\.vscode\extensions\redhat.java-1.49.0-win32-x64\jre\21.0.9-win32-x86_64\bin\zip.dll
Event: 0.183 Loaded shared library C:\Users\Admin\.vscode\extensions\redhat.java-1.49.0-win32-x64\jre\21.0.9-win32-x86_64\bin\jimage.dll
Event: 0.271 Loaded shared library c:\Users\Admin\.vscode\extensions\redhat.java-1.49.0-win32-x64\jre\21.0.9-win32-x86_64\bin\verify.dll
Event: 8.306 Loaded shared library C:\Users\Admin\AppData\Roaming\Code\User\globalStorage\redhat.java\1.49.0\config_win\org.eclipse.equinox.launcher\org.eclipse.equinox.launcher.win32.win32.x86_64_1.2.1400.v20250801-0854\eclipse_11916.dll
Event: 21.001 Loaded shared library C:\Users\Admin\AppData\Local\Temp\jna-63116079\jna804066013784618139.dll
Event: 1326.693 Loaded shared library C:\Users\Admin\.vscode\extensions\redhat.java-1.49.0-win32-x64\jre\21.0.9-win32-x86_64\bin\sunmscapi.dll
Event: 14177.504 Loaded shared library C:\Users\Admin\.vscode\extensions\redhat.java-1.49.0-win32-x64\jre\21.0.9-win32-x86_64\bin\extnet.dll

Deoptimization events (20 events):
Event: 14430.075 Thread 0x000001fec134d640 Uncommon trap: trap_request=0xffffff45 fr.pc=0x000001fee174cee4 relative=0x00000000000002e4
Event: 14430.075 Thread 0x000001fec134d640 Uncommon trap: reason=unstable_if action=reinterpret pc=0x000001fee174cee4 method=org.eclipse.jdt.internal.compiler.lookup.ReferenceBinding.computeGenericTypeSignature([Lorg/eclipse/jdt/internal/compiler/lookup/TypeVariableBinding;)[C @ 4 c2
Event: 14430.075 Thread 0x000001fec134d640 DEOPT PACKING pc=0x000001fee174cee4 sp=0x00000007387fe100
Event: 14430.075 Thread 0x000001fec134d640 DEOPT UNPACKING pc=0x000001fee01d6da2 sp=0x00000007387fdf98 mode 2
Event: 14430.075 Thread 0x000001fec134d640 Uncommon trap: trap_request=0xffffff45 fr.pc=0x000001fee1816784 relative=0x0000000000000144
Event: 14430.075 Thread 0x000001fec134d640 Uncommon trap: reason=unstable_if action=reinterpret pc=0x000001fee1816784 method=org.eclipse.jdt.internal.compiler.lookup.ReferenceBinding.computeGenericTypeSignature([Lorg/eclipse/jdt/internal/compiler/lookup/TypeVariableBinding;)[C @ 38 c2
Event: 14430.075 Thread 0x000001fec134d640 DEOPT PACKING pc=0x000001fee1816784 sp=0x00000007387fe190
Event: 14430.075 Thread 0x000001fec134d640 DEOPT UNPACKING pc=0x000001fee01d6da2 sp=0x00000007387fe090 mode 2
Event: 14430.075 Thread 0x000001fec134d640 Uncommon trap: trap_request=0xffffff45 fr.pc=0x000001fee18110b8 relative=0x00000000000001d8
Event: 14430.075 Thread 0x000001fec134d640 Uncommon trap: reason=unstable_if action=reinterpret pc=0x000001fee18110b8 method=org.eclipse.jdt.internal.compiler.lookup.ReferenceBinding.computeGenericTypeSignature([Lorg/eclipse/jdt/internal/compiler/lookup/TypeVariableBinding;)[C @ 38 c2
Event: 14430.075 Thread 0x000001fec134d640 DEOPT PACKING pc=0x000001fee18110b8 sp=0x00000007387fe020
Event: 14430.075 Thread 0x000001fec134d640 DEOPT UNPACKING pc=0x000001fee01d6da2 sp=0x00000007387fdf88 mode 2
Event: 14430.101 Thread 0x000001fec134d640 Uncommon trap: trap_request=0xffffff45 fr.pc=0x000001fee0ee3444 relative=0x0000000000000264
Event: 14430.101 Thread 0x000001fec134d640 Uncommon trap: reason=unstable_if action=reinterpret pc=0x000001fee0ee3444 method=org.eclipse.jdt.internal.compiler.lookup.MethodBinding.getAnnotationTagBits()J @ 22 c2
Event: 14430.101 Thread 0x000001fec134d640 DEOPT PACKING pc=0x000001fee0ee3444 sp=0x00000007387fe520
Event: 14430.101 Thread 0x000001fec134d640 DEOPT UNPACKING pc=0x000001fee01d6da2 sp=0x00000007387fe4a0 mode 2
Event: 44394.491 Thread 0x000001fec1351e70 Uncommon trap: trap_request=0xffffffd6 fr.pc=0x000001fee1345334 relative=0x00000000000002f4
Event: 44394.491 Thread 0x000001fec1351e70 Uncommon trap: reason=array_check action=maybe_recompile pc=0x000001fee1345334 method=java.util.concurrent.ScheduledThreadPoolExecutor$DelayedWorkQueue.offer(Ljava/lang/Runnable;)Z @ 65 c2
Event: 44394.491 Thread 0x000001fec1351e70 DEOPT PACKING pc=0x000001fee1345334 sp=0x000000073befedf0
Event: 44394.491 Thread 0x000001fec1351e70 DEOPT UNPACKING pc=0x000001fee01d6da2 sp=0x000000073befec90 mode 2

Classes loaded (20 events):
Event: 14215.731 Loading class sun/security/ssl/Alert$AlertConsumer
Event: 14215.770 Loading class sun/security/ssl/Alert$AlertConsumer done
Event: 14215.770 Loading class sun/security/ssl/Alert$Level
Event: 14215.775 Loading class sun/security/ssl/Alert$Level done
Event: 14218.172 Loading class jdk/internal/module/IllegalAccessLogger
Event: 14218.172 Loading class jdk/internal/module/IllegalAccessLogger done
Event: 14218.182 Loading class java/util/concurrent/ConcurrentHashMap$KeySpliterator
Event: 14218.184 Loading class java/util/concurrent/ConcurrentHashMap$KeySpliterator done
Event: 14218.617 Loading class jdk/internal/module/IllegalAccessLogger
Event: 14218.617 Loading class jdk/internal/module/IllegalAccessLogger done
Event: 14218.746 Loading class java/io/CharArrayWriter
Event: 14218.746 Loading class java/io/CharArrayWriter done
Event: 14219.488 Loading class java/io/BufferedReader$1
Event: 14219.489 Loading class java/io/BufferedReader$1 done
Event: 14221.062 Loading class jdk/internal/module/IllegalAccessLogger
Event: 14221.062 Loading class jdk/internal/module/IllegalAccessLogger done
Event: 14221.320 Loading class jdk/internal/module/IllegalAccessLogger
Event: 14221.320 Loading class jdk/internal/module/IllegalAccessLogger done
Event: 14429.949 Loading class javax/xml/transform/TransformerConfigurationException
Event: 14429.950 Loading class javax/xml/transform/TransformerConfigurationException done

Classes unloaded (20 events):
Event: 14214.624 Thread 0x000001fed5b0d470 Unloading class 0x000001fe81017400 'java/lang/invoke/LambdaForm$MH+0x000001fe81017400'
Event: 14214.624 Thread 0x000001fed5b0d470 Unloading class 0x000001fe81016400 'java/lang/invoke/LambdaForm$MH+0x000001fe81016400'
Event: 14214.624 Thread 0x000001fed5b0d470 Unloading class 0x000001fe8100d800 'java/lang/invoke/LambdaForm$MH+0x000001fe8100d800'
Event: 14214.624 Thread 0x000001fed5b0d470 Unloading class 0x000001fe8100d400 'java/lang/invoke/LambdaForm$MH+0x000001fe8100d400'
Event: 14214.624 Thread 0x000001fed5b0d470 Unloading class 0x000001fe8100d000 'java/lang/invoke/LambdaForm$MH+0x000001fe8100d000'
Event: 14214.624 Thread 0x000001fed5b0d470 Unloading class 0x000001fe8100cc00 'java/lang/invoke/LambdaForm$MH+0x000001fe8100cc00'
Event: 14214.624 Thread 0x000001fed5b0d470 Unloading class 0x000001fe8100c800 'java/lang/invoke/LambdaForm$BMH+0x000001fe8100c800'
Event: 14214.624 Thread 0x000001fed5b0d470 Unloading class 0x000001fe8100c000 'java/lang/invoke/LambdaForm$DMH+0x000001fe8100c000'
Event: 14214.624 Thread 0x000001fed5b0d470 Unloading class 0x000001fe81008c00 'java/lang/invoke/LambdaForm$MH+0x000001fe81008c00'
Event: 14214.624 Thread 0x000001fed5b0d470 Unloading class 0x000001fe81008800 'java/lang/invoke/LambdaForm$MH+0x000001fe81008800'
Event: 14214.624 Thread 0x000001fed5b0d470 Unloading class 0x000001fe81008400 'java/lang/invoke/LambdaForm$MH+0x000001fe81008400'
Event: 14214.624 Thread 0x000001fed5b0d470 Unloading class 0x000001fe81007000 'java/lang/invoke/LambdaForm$MH+0x000001fe81007000'
Event: 14214.624 Thread 0x000001fed5b0d470 Unloading class 0x000001fe81006800 'java/lang/invoke/LambdaForm$MH+0x000001fe81006800'
Event: 14214.624 Thread 0x000001fed5b0d470 Unloading class 0x000001fe81006400 'java/lang/invoke/LambdaForm$MH+0x000001fe81006400'
Event: 14214.624 Thread 0x000001fed5b0d470 Unloading class 0x000001fe81006000 'java/lang/invoke/LambdaForm$MH+0x000001fe81006000'
Event: 14214.624 Thread 0x000001fed5b0d470 Unloading class 0x000001fe81005c00 'java/lang/invoke/LambdaForm$BMH+0x000001fe81005c00'
Event: 14214.624 Thread 0x000001fed5b0d470 Unloading class 0x000001fe81004800 'java/lang/invoke/LambdaForm$DMH+0x000001fe81004800'
Event: 14214.624 Thread 0x000001fed5b0d470 Unloading class 0x000001fe81002400 'java/lang/invoke/LambdaForm$MH+0x000001fe81002400'
Event: 14214.624 Thread 0x000001fed5b0d470 Unloading class 0x000001fe81002000 'java/lang/invoke/LambdaForm$MH+0x000001fe81002000'
Event: 14214.624 Thread 0x000001fed5b0d470 Unloading class 0x000001fe81001800 'java/lang/invoke/LambdaForm$MH+0x000001fe81001800'

Classes redefined (0 events):
No events

Internal exceptions (20 events):
Event: 14221.408 Thread 0x000001fef5dd7b80 Exception <a 'sun/nio/fs/WindowsException'{0x00000000d5caca18}> (0x00000000d5caca18) 
thrown [s\src\hotspot\share\prims\jni.cpp, line 520]
Event: 14221.411 Thread 0x000001fef5dd7b80 Exception <a 'sun/nio/fs/WindowsException'{0x00000000d5cae068}> (0x00000000d5cae068) 
thrown [s\src\hotspot\share\prims\jni.cpp, line 520]
Event: 14223.458 Thread 0x000001fec134cfb0 Exception <a 'sun/nio/fs/WindowsException'{0x00000000d55bd6d8}> (0x00000000d55bd6d8) 
thrown [s\src\hotspot\share\prims\jni.cpp, line 520]
Event: 14223.458 Thread 0x000001fec134cfb0 Exception <a 'sun/nio/fs/WindowsException'{0x00000000d55bdfa0}> (0x00000000d55bdfa0) 
thrown [s\src\hotspot\share\prims\jni.cpp, line 520]
Event: 14223.458 Thread 0x000001fec134cfb0 Exception <a 'sun/nio/fs/WindowsException'{0x00000000d55becd0}> (0x00000000d55becd0) 
thrown [s\src\hotspot\share\prims\jni.cpp, line 520]
Event: 14223.458 Thread 0x000001fec134cfb0 Exception <a 'sun/nio/fs/WindowsException'{0x00000000d55bf800}> (0x00000000d55bf800) 
thrown [s\src\hotspot\share\prims\jni.cpp, line 520]
Event: 14223.459 Thread 0x000001fec134cfb0 Exception <a 'sun/nio/fs/WindowsException'{0x00000000d55c0f40}> (0x00000000d55c0f40) 
thrown [s\src\hotspot\share\prims\jni.cpp, line 520]
Event: 14223.459 Thread 0x000001fec134cfb0 Exception <a 'sun/nio/fs/WindowsException'{0x00000000d55c1558}> (0x00000000d55c1558) 
thrown [s\src\hotspot\share\prims\jni.cpp, line 520]
Event: 14223.462 Thread 0x000001fec134cfb0 Exception <a 'sun/nio/fs/WindowsException'{0x00000000d55df1a8}> (0x00000000d55df1a8) 
thrown [s\src\hotspot\share\prims\jni.cpp, line 520]
Event: 14223.462 Thread 0x000001fec134cfb0 Exception <a 'sun/nio/fs/WindowsException'{0x00000000d55dfa70}> (0x00000000d55dfa70) 
thrown [s\src\hotspot\share\prims\jni.cpp, line 520]
Event: 14223.589 Thread 0x000001feff723b80 Exception <a 'sun/nio/fs/WindowsException'{0x00000000d58eee18}> (0x00000000d58eee18) 
thrown [s\src\hotspot\share\prims\jni.cpp, line 520]
Event: 14223.590 Thread 0x000001feff723b80 Exception <a 'sun/nio/fs/WindowsException'{0x00000000d58ef4a8}> (0x00000000d58ef4a8) 
thrown [s\src\hotspot\share\prims\jni.cpp, line 520]
Event: 14223.658 Thread 0x000001feff724f30 Exception <a 'sun/nio/fs/WindowsException'{0x00000000d5906440}> (0x00000000d5906440) 
thrown [s\src\hotspot\share\prims\jni.cpp, line 520]
Event: 14223.757 Thread 0x000001feff724f30 Exception <a 'sun/nio/fs/WindowsException'{0x00000000d5915818}> (0x00000000d5915818) 
thrown [s\src\hotspot\share\prims\jni.cpp, line 520]
Event: 14223.834 Thread 0x000001feff724f30 Exception <a 'sun/nio/fs/WindowsException'{0x00000000d5923e30}> (0x00000000d5923e30) 
thrown [s\src\hotspot\share\prims\jni.cpp, line 520]
Event: 14360.323 Thread 0x000001fef5dd74f0 Exception <a 'sun/nio/fs/WindowsException'{0x00000000d59bd6a8}> (0x00000000d59bd6a8) 
thrown [s\src\hotspot\share\prims\jni.cpp, line 520]
Event: 14360.324 Thread 0x000001fef5dd74f0 Exception <a 'sun/nio/fs/WindowsException'{0x00000000d59bdf70}> (0x00000000d59bdf70) 
thrown [s\src\hotspot\share\prims\jni.cpp, line 520]
Event: 14360.329 Thread 0x000001fef5dd74f0 Implicit null exception at 0x000001fee13789b9 to 0x000001fee1378c4c
Event: 14360.359 Thread 0x000001fef5dd74f0 Exception <a 'java/lang/NoSuchMethodError'{0x00000000d5ae2640}: static Lorg/eclipse/m2e/core/internal/project/registry/MavenProjectFacade$MavenProjectConfiguration;.<clinit>()V> (0x00000000d5ae2640) 
thrown [s\src\hotspot\share\prims\jni.cpp, line 1111]
Event: 14360.361 Thread 0x000001fef5dd74f0 Exception <a 'java/lang/NoSuchMethodError'{0x00000000d5afdad0}: static [J.<clinit>()V> (0x00000000d5afdad0) 
thrown [s\src\hotspot\share\prims\jni.cpp, line 1111]

ZGC Phase Switch (0 events):
No events

VM Operations (20 events):
Event: 14431.120 Executing VM operation: Cleanup
Event: 14431.120 Executing VM operation: Cleanup done
Event: 14448.572 Executing VM operation: HandshakeAllThreads (HandshakeForDeflation)
Event: 14448.572 Executing VM operation: HandshakeAllThreads (HandshakeForDeflation) done
Event: 14448.572 Executing VM operation: RendezvousGCThreads
Event: 14448.572 Executing VM operation: RendezvousGCThreads done
Event: 44394.418 Executing VM operation: ParallelGCFailedAllocation (Allocation Failure)
Event: 44394.421 Executing VM operation: ParallelGCFailedAllocation (Allocation Failure) done
Event: 44394.462 Executing VM operation: ParallelGCFailedAllocation (Allocation Failure)
Event: 44394.464 Executing VM operation: ParallelGCFailedAllocation (Allocation Failure) done
Event: 44395.474 Executing VM operation: Cleanup
Event: 44395.474 Executing VM operation: Cleanup done
Event: 44398.488 Executing VM operation: Cleanup
Event: 44398.488 Executing VM operation: Cleanup done
Event: 44435.787 Executing VM operation: Cleanup
Event: 44435.787 Executing VM operation: Cleanup done
Event: 44454.040 Executing VM operation: HandshakeAllThreads (HandshakeForDeflation)
Event: 44454.040 Executing VM operation: HandshakeAllThreads (HandshakeForDeflation) done
Event: 44454.040 Executing VM operation: RendezvousGCThreads
Event: 44454.040 Executing VM operation: RendezvousGCThreads done

Memory protections (0 events):
No events

Nmethod flushes (20 events):
Event: 14215.113 Thread 0x000001fed5b0d470 flushing  nmethod 0x000001fedb30ea10
Event: 14215.113 Thread 0x000001fed5b0d470 flushing  nmethod 0x000001fedb31a490
Event: 14215.113 Thread 0x000001fed5b0d470 flushing  nmethod 0x000001fedb31ac10
Event: 14215.113 Thread 0x000001fed5b0d470 flushing  nmethod 0x000001fedb329610
Event: 14215.113 Thread 0x000001fed5b0d470 flushing  nmethod 0x000001fedb33e790
Event: 14215.113 Thread 0x000001fed5b0d470 flushing osr nmethod 0x000001fedb33f010
Event: 14215.113 Thread 0x000001fed5b0d470 flushing  nmethod 0x000001fedb349f10
Event: 14215.113 Thread 0x000001fed5b0d470 flushing  nmethod 0x000001fedb396990
Event: 14215.113 Thread 0x000001fed5b0d470 flushing  nmethod 0x000001fedb398790
Event: 14215.113 Thread 0x000001fed5b0d470 flushing  nmethod 0x000001fedb399f90
Event: 14215.113 Thread 0x000001fed5b0d470 flushing  nmethod 0x000001fedb39b290
Event: 14215.113 Thread 0x000001fed5b0d470 flushing  nmethod 0x000001fedb3a8d90
Event: 14215.113 Thread 0x000001fed5b0d470 flushing  nmethod 0x000001fedb3cf890
Event: 14215.113 Thread 0x000001fed5b0d470 flushing  nmethod 0x000001fedb3d0110
Event: 14215.113 Thread 0x000001fed5b0d470 flushing  nmethod 0x000001fedb3d1690
Event: 14215.113 Thread 0x000001fed5b0d470 flushing  nmethod 0x000001fedb3ddf90
Event: 14215.113 Thread 0x000001fed5b0d470 flushing  nmethod 0x000001fedb3ed410
Event: 14215.113 Thread 0x000001fed5b0d470 flushing  nmethod 0x000001fedb3fba90
Event: 14215.113 Thread 0x000001fed5b0d470 flushing  nmethod 0x000001fedb3fc210
Event: 14215.113 Thread 0x000001fed5b0d470 flushing  nmethod 0x000001fedb452190

Events (20 events):
Event: 14460.453 Thread 0x000001fef5ddd760 Thread exited: 0x000001fef5ddd760
Event: 44394.430 Thread 0x000001fed59c8190 Thread added: 0x000001feff28aed0
Event: 44394.430 Thread 0x000001fed59c8190 Thread added: 0x000001feff28b5a0
Event: 44399.537 Thread 0x000001feff28b5a0 Thread exited: 0x000001feff28b5a0
Event: 44399.538 Thread 0x000001feff28aed0 Thread exited: 0x000001feff28aed0
Event: 44404.405 Thread 0x000001fec134d640 Thread exited: 0x000001fec134d640
Event: 44434.722 Thread 0x000001fef5ddbd20 Thread exited: 0x000001fef5ddbd20
Event: 44435.256 Thread 0x000001feff71f350 Thread exited: 0x000001feff71f350
Event: 44435.256 Thread 0x000001feff720070 Thread exited: 0x000001feff720070
Event: 44435.257 Thread 0x000001fef2fe0200 Thread exited: 0x000001fef2fe0200
Event: 44435.258 Thread 0x000001fec134b570 Thread exited: 0x000001fec134b570
Event: 44435.259 Thread 0x000001feff720d90 Thread exited: 0x000001feff720d90
Event: 44435.544 Thread 0x000001feff71ecc0 Thread exited: 0x000001feff71ecc0
Event: 44435.544 Thread 0x000001feff7248a0 Thread exited: 0x000001feff7248a0
Event: 44435.544 Thread 0x000001fef2fdf4e0 Thread exited: 0x000001fef2fdf4e0
Event: 44435.545 Thread 0x000001feff71f9e0 Thread exited: 0x000001feff71f9e0
Event: 44435.545 Thread 0x000001feff71e630 Thread exited: 0x000001feff71e630
Event: 44435.545 Thread 0x000001feff722140 Thread exited: 0x000001feff722140
Event: 44435.588 Thread 0x000001feff720700 Thread exited: 0x000001feff720700
Event: 44464.414 Thread 0x000001fec1350ac0 Thread exited: 0x000001fec1350ac0


Dynamic libraries:
0x00007ff712780000 - 0x00007ff71278e000 	c:\Users\Admin\.vscode\extensions\redhat.java-1.49.0-win32-x64\jre\21.0.9-win32-x86_64\bin\java.exe
0x00007ffbe4350000 - 0x00007ffbe4567000 	C:\WINDOWS\SYSTEM32\ntdll.dll
0x00007ffbe2940000 - 0x00007ffbe2a04000 	C:\WINDOWS\System32\KERNEL32.DLL
0x00007ffbe1660000 - 0x00007ffbe1a32000 	C:\WINDOWS\System32\KERNELBASE.dll
0x00007ffbe1440000 - 0x00007ffbe1551000 	C:\WINDOWS\System32\ucrtbase.dll
0x00007ffbd8c40000 - 0x00007ffbd8c58000 	c:\Users\Admin\.vscode\extensions\redhat.java-1.49.0-win32-x64\jre\21.0.9-win32-x86_64\bin\jli.dll
0x00007ffbe3490000 - 0x00007ffbe3641000 	C:\WINDOWS\System32\USER32.dll
0x00007ffbe1560000 - 0x00007ffbe1586000 	C:\WINDOWS\System32\win32u.dll
0x00007ffbe20f0000 - 0x00007ffbe2119000 	C:\WINDOWS\System32\GDI32.dll
0x00007ffbe1d70000 - 0x00007ffbe1e93000 	C:\WINDOWS\System32\gdi32full.dll
0x00007ffbe15c0000 - 0x00007ffbe165a000 	C:\WINDOWS\System32\msvcp_win.dll
0x00007ffbd8d70000 - 0x00007ffbd8d8e000 	c:\Users\Admin\.vscode\extensions\redhat.java-1.49.0-win32-x64\jre\21.0.9-win32-x86_64\bin\VCRUNTIME140.dll
0x00007ffbc12e0000 - 0x00007ffbc157b000 	C:\WINDOWS\WinSxS\amd64_microsoft.windows.common-controls_6595b64144ccf1df_6.0.22621.5547_none_27104afb73855772\COMCTL32.dll
0x00007ffbe32c0000 - 0x00007ffbe3367000 	C:\WINDOWS\System32\msvcrt.dll
0x00007ffbe3f90000 - 0x00007ffbe3fc1000 	C:\WINDOWS\System32\IMM32.DLL
0x00007ffbad510000 - 0x00007ffbad51c000 	c:\Users\Admin\.vscode\extensions\redhat.java-1.49.0-win32-x64\jre\21.0.9-win32-x86_64\bin\vcruntime140_1.dll
0x00007ffb4c990000 - 0x00007ffb4ca1d000 	c:\Users\Admin\.vscode\extensions\redhat.java-1.49.0-win32-x64\jre\21.0.9-win32-x86_64\bin\msvcp140.dll
0x00007ffb4bbf0000 - 0x00007ffb4c990000 	c:\Users\Admin\.vscode\extensions\redhat.java-1.49.0-win32-x64\jre\21.0.9-win32-x86_64\bin\server\jvm.dll
0x00007ffbe3660000 - 0x00007ffbe3711000 	C:\WINDOWS\System32\ADVAPI32.dll
0x00007ffbe3e70000 - 0x00007ffbe3f18000 	C:\WINDOWS\System32\sechost.dll
0x00007ffbe1590000 - 0x00007ffbe15b8000 	C:\WINDOWS\System32\bcrypt.dll
0x00007ffbe3370000 - 0x00007ffbe3484000 	C:\WINDOWS\System32\RPCRT4.dll
0x00007ffbe3720000 - 0x00007ffbe3791000 	C:\WINDOWS\System32\WS2_32.dll
0x00007ffbe1310000 - 0x00007ffbe135d000 	C:\WINDOWS\SYSTEM32\POWRPROF.dll
0x00007ffbd9950000 - 0x00007ffbd9984000 	C:\WINDOWS\SYSTEM32\WINMM.dll
0x00007ffbd8fd0000 - 0x00007ffbd8fda000 	C:\WINDOWS\SYSTEM32\VERSION.dll
0x00007ffbe12f0000 - 0x00007ffbe1303000 	C:\WINDOWS\SYSTEM32\UMPDC.dll
0x00007ffbe0430000 - 0x00007ffbe0448000 	C:\WINDOWS\SYSTEM32\kernel.appcore.dll
0x00007ffba99a0000 - 0x00007ffba99aa000 	c:\Users\Admin\.vscode\extensions\redhat.java-1.49.0-win32-x64\jre\21.0.9-win32-x86_64\bin\jimage.dll
0x00007ffbdead0000 - 0x00007ffbded03000 	C:\WINDOWS\SYSTEM32\DBGHELP.DLL
0x00007ffbe37a0000 - 0x00007ffbe3b33000 	C:\WINDOWS\System32\combase.dll
0x00007ffbe4230000 - 0x00007ffbe4307000 	C:\WINDOWS\System32\OLEAUT32.dll
0x00007ffbc09d0000 - 0x00007ffbc0a02000 	C:\WINDOWS\SYSTEM32\dbgcore.DLL
0x00007ffbe1b80000 - 0x00007ffbe1bfb000 	C:\WINDOWS\System32\bcryptPrimitives.dll
0x00007ffba2d40000 - 0x00007ffba2d4f000 	c:\Users\Admin\.vscode\extensions\redhat.java-1.49.0-win32-x64\jre\21.0.9-win32-x86_64\bin\instrument.dll
0x00007ffb4bbd0000 - 0x00007ffb4bbf0000 	c:\Users\Admin\.vscode\extensions\redhat.java-1.49.0-win32-x64\jre\21.0.9-win32-x86_64\bin\java.dll
0x00007ffbe2a10000 - 0x00007ffbe32b2000 	C:\WINDOWS\System32\SHELL32.dll
0x00007ffbe1ea0000 - 0x00007ffbe1fdf000 	C:\WINDOWS\System32\wintypes.dll
0x00007ffbdf320000 - 0x00007ffbdfc3d000 	C:\WINDOWS\SYSTEM32\windows.storage.dll
0x00007ffbe1fe0000 - 0x00007ffbe20ec000 	C:\WINDOWS\System32\SHCORE.dll
0x00007ffbe3f20000 - 0x00007ffbe3f89000 	C:\WINDOWS\System32\shlwapi.dll
0x00007ffbe1370000 - 0x00007ffbe139b000 	C:\WINDOWS\SYSTEM32\profapi.dll
0x00007ffb52f30000 - 0x00007ffb52f48000 	c:\Users\Admin\.vscode\extensions\redhat.java-1.49.0-win32-x64\jre\21.0.9-win32-x86_64\bin\zip.dll
0x00007ffb52f20000 - 0x00007ffb52f30000 	C:\Users\Admin\.vscode\extensions\redhat.java-1.49.0-win32-x64\jre\21.0.9-win32-x86_64\bin\net.dll
0x00007ffbdccc0000 - 0x00007ffbdcdec000 	C:\WINDOWS\SYSTEM32\WINHTTP.dll
0x00007ffbe08a0000 - 0x00007ffbe0909000 	C:\WINDOWS\system32\mswsock.dll
0x00007ffb52f00000 - 0x00007ffb52f16000 	C:\Users\Admin\.vscode\extensions\redhat.java-1.49.0-win32-x64\jre\21.0.9-win32-x86_64\bin\nio.dll
0x00007ffb52ef0000 - 0x00007ffb52f00000 	c:\Users\Admin\.vscode\extensions\redhat.java-1.49.0-win32-x64\jre\21.0.9-win32-x86_64\bin\verify.dll
0x00007ffb430c0000 - 0x00007ffb43104000 	C:\Users\Admin\AppData\Roaming\Code\User\globalStorage\redhat.java\1.49.0\config_win\org.eclipse.equinox.launcher\org.eclipse.equinox.launcher.win32.win32.x86_64_1.2.1400.v20250801-0854\eclipse_11916.dll
0x00007ffbe4090000 - 0x00007ffbe4230000 	C:\WINDOWS\System32\ole32.dll
0x00007ffbe0bf0000 - 0x00007ffbe0c0b000 	C:\WINDOWS\SYSTEM32\CRYPTSP.dll
0x00007ffbe0390000 - 0x00007ffbe03c7000 	C:\WINDOWS\system32\rsaenh.dll
0x00007ffbe0940000 - 0x00007ffbe0968000 	C:\WINDOWS\SYSTEM32\USERENV.dll
0x00007ffbe0bd0000 - 0x00007ffbe0bdc000 	C:\WINDOWS\SYSTEM32\CRYPTBASE.dll
0x00007ffbdfea0000 - 0x00007ffbdfecd000 	C:\WINDOWS\SYSTEM32\IPHLPAPI.DLL
0x00007ffbe3650000 - 0x00007ffbe3659000 	C:\WINDOWS\System32\NSI.dll
0x00007ffbc1290000 - 0x00007ffbc12d9000 	C:\Users\Admin\AppData\Local\Temp\jna-63116079\jna804066013784618139.dll
0x00007ffbe3b40000 - 0x00007ffbe3b48000 	C:\WINDOWS\System32\PSAPI.DLL
0x00007ffbdcca0000 - 0x00007ffbdccb9000 	C:\WINDOWS\SYSTEM32\dhcpcsvc6.DLL
0x00007ffbdca50000 - 0x00007ffbdca6f000 	C:\WINDOWS\SYSTEM32\dhcpcsvc.DLL
0x00007ffbe0540000 - 0x00007ffbe0574000 	C:\WINDOWS\SYSTEM32\ntmarta.dll
0x00007ffbc1af0000 - 0x00007ffbc1afe000 	C:\Users\Admin\.vscode\extensions\redhat.java-1.49.0-win32-x64\jre\21.0.9-win32-x86_64\bin\sunmscapi.dll
0x00007ffbe1c00000 - 0x00007ffbe1d67000 	C:\WINDOWS\System32\CRYPT32.dll
0x00007ffbe0d00000 - 0x00007ffbe0d2d000 	C:\WINDOWS\SYSTEM32\ncrypt.dll
0x00007ffbe0cc0000 - 0x00007ffbe0cf7000 	C:\WINDOWS\SYSTEM32\NTASN1.dll
0x00007ffbc1910000 - 0x00007ffbc1919000 	C:\Users\Admin\.vscode\extensions\redhat.java-1.49.0-win32-x64\jre\21.0.9-win32-x86_64\bin\extnet.dll
0x00007ffbdff10000 - 0x00007ffbe0008000 	C:\WINDOWS\SYSTEM32\DNSAPI.dll
0x00007ffbd8e20000 - 0x00007ffbd8e2a000 	C:\Windows\System32\rasadhlp.dll
0x00007ffbd9790000 - 0x00007ffbd9814000 	C:\WINDOWS\System32\fwpuclnt.dll

JVMTI agents:
c:\Users\Admin\.vscode\extensions\redhat.java-1.49.0-win32-x64\lombok\lombok-1.18.39-4050.jar path:c:\Users\Admin\.vscode\extensions\redhat.java-1.49.0-win32-x64\jre\21.0.9-win32-x86_64\bin\instrument.dll, loaded, initialized, instrumentlib options:none

dbghelp: loaded successfully - version: 4.0.5 - missing functions: none
symbol engine: initialized successfully - sym options: 0x614 - pdb path: .;c:\Users\Admin\.vscode\extensions\redhat.java-1.49.0-win32-x64\jre\21.0.9-win32-x86_64\bin;C:\WINDOWS\SYSTEM32;C:\WINDOWS\WinSxS\amd64_microsoft.windows.common-controls_6595b64144ccf1df_6.0.22621.5547_none_27104afb73855772;c:\Users\Admin\.vscode\extensions\redhat.java-1.49.0-win32-x64\jre\21.0.9-win32-x86_64\bin\server;C:\Users\Admin\AppData\Roaming\Code\User\globalStorage\redhat.java\1.49.0\config_win\org.eclipse.equinox.launcher\org.eclipse.equinox.launcher.win32.win32.x86_64_1.2.1400.v20250801-0854;C:\Users\Admin\AppData\Local\Temp\jna-63116079

VM Arguments:
jvm_args: --add-modules=ALL-SYSTEM --add-opens=java.base/java.util=ALL-UNNAMED --add-opens=java.base/java.lang=ALL-UNNAMED --add-opens=java.base/sun.nio.fs=ALL-UNNAMED -Declipse.application=org.eclipse.jdt.ls.core.id1 -Dosgi.bundles.defaultStartLevel=4 -Declipse.product=org.eclipse.jdt.ls.core.product -Djava.import.generatesMetadataFilesAtProjectRoot=false -DDetectVMInstallationsJob.disabled=true -Dfile.encoding=utf8 -XX:+UseParallelGC -XX:GCTimeRatio=4 -XX:AdaptiveSizePolicyWeight=90 -Dsun.zip.disableMemoryMapping=true -Xmx2G -Xms100m -Xlog:disable -javaagent:c:\Users\Admin\.vscode\extensions\redhat.java-1.49.0-win32-x64\lombok\lombok-1.18.39-4050.jar -XX:+HeapDumpOnOutOfMemoryError -XX:HeapDumpPath=c:\Users\Admin\AppData\Roaming\Code\User\workspaceStorage\53ac67c4bad9ce68bc546ffa7d1a25f1\redhat.java -Daether.dependencyCollector.impl=bf 
java_command: c:\Users\Admin\.vscode\extensions\redhat.java-1.49.0-win32-x64\server\plugins\org.eclipse.equinox.launcher_1.7.100.v20251111-0406.jar -configuration c:\Users\Admin\AppData\Roaming\Code\User\globalStorage\redhat.java\1.49.0\config_win -data c:\Users\Admin\AppData\Roaming\Code\User\workspaceStorage\53ac67c4bad9ce68bc546ffa7d1a25f1\redhat.java\jdt_ws --pipe=\\.\pipe\lsp-8c604a7e87fc29a4d940ed70e42176e0-sock
java_class_path (initial): c:\Users\Admin\.vscode\extensions\redhat.java-1.49.0-win32-x64\server\plugins\org.eclipse.equinox.launcher_1.7.100.v20251111-0406.jar
Launcher Type: SUN_STANDARD

[Global flags]
    uintx AdaptiveSizePolicyWeight                 = 90                                        {product} {command line}
     intx CICompilerCount                          = 4                                         {product} {ergonomic}
    uintx GCTimeRatio                              = 4                                         {product} {command line}
     bool HeapDumpOnOutOfMemoryError               = true                                   {manageable} {command line}
    ccstr HeapDumpPath                             = c:\Users\Admin\AppData\Roaming\Code\User\workspaceStorage\53ac67c4bad9ce68bc546ffa7d1a25f1\redhat.java         {manageable} {command line}
   size_t InitialHeapSize                          = 104857600                                 {product} {command line}
   size_t MaxHeapSize                              = 2147483648                                {product} {command line}
   size_t MaxNewSize                               = 715653120                                 {product} {ergonomic}
   size_t MinHeapDeltaBytes                        = 524288                                    {product} {ergonomic}
   size_t MinHeapSize                              = 104857600                                 {product} {command line}
   size_t NewSize                                  = 34603008                                  {product} {ergonomic}
    uintx NonNMethodCodeHeapSize                   = 5839372                                {pd product} {ergonomic}
    uintx NonProfiledCodeHeapSize                  = 122909434                              {pd product} {ergonomic}
   size_t OldSize                                  = 70254592                                  {product} {ergonomic}
    uintx ProfiledCodeHeapSize                     = 122909434                              {pd product} {ergonomic}
    uintx ReservedCodeCacheSize                    = 251658240                              {pd product} {ergonomic}
     bool SegmentedCodeCache                       = true                                      {product} {ergonomic}
   size_t SoftMaxHeapSize                          = 2147483648                             {manageable} {ergonomic}
     bool UseCompressedOops                        = true                           {product lp64_product} {ergonomic}
     bool UseLargePagesIndividualAllocation        = false                                  {pd product} {ergonomic}
     bool UseParallelGC                            = true                                      {product} {command line}

Logging:
Log output configuration:
 #0: stdout all=off uptime,level,tags foldmultilines=false
 #1: stderr all=off uptime,level,tags foldmultilines=false

Release file:
JAVA_VERSION="21.0.9" 
MODULES="java.base java.compiler java.datatransfer java.xml java.prefs java.desktop java.instrument java.logging java.management java.security.sasl java.naming java.rmi java.management.rmi java.net.http java.scripting java.security.jgss java.transaction.xa java.sql java.sql.rowset java.xml.crypto java.se java.smartcardio jdk.accessibility jdk.internal.jvmstat jdk.attach jdk.charsets jdk.internal.opt jdk.zipfs jdk.compiler jdk.crypto.ec jdk.crypto.cryptoki jdk.crypto.mscapi jdk.dynalink jdk.internal.ed jdk.editpad jdk.hotspot.agent jdk.httpserver jdk.internal.le jdk.internal.vm.ci jdk.internal.vm.compiler jdk.internal.vm.compiler.management jdk.jartool jdk.javadoc jdk.jcmd jdk.management jdk.management.agent jdk.jconsole jdk.jdeps jdk.jdwp.agent jdk.jdi jdk.jfr jdk.jshell jdk.jsobject jdk.jstatd jdk.localedata jdk.management.jfr jdk.naming.dns jdk.naming.rmi jdk.net jdk.nio.mapmode jdk.random jdk.sctp jdk.security.auth jdk.security.jgss jdk.unsupported jdk.unsupported.desktop jdk.xml.dom" 

Environment Variables:
PATH=C:\Program Files\Common Files\Oracle\Java\javapath;C:\Program Files (x86)\Common Files\Oracle\Java\javapath;C:\ProgramData\Oracle\Java\javapath;C:\WINDOWS\system32;C:\WINDOWS;C:\WINDOWS\System32\Wbem;C:\WINDOWS\System32\WindowsPowerShell\v1.0\;C:\WINDOWS\System32\OpenSSH\;C:\Program Files\nodejs\;E:\Git\cmd;C:\Program Files\Java\jdk-24\bin;C:\ProgramData\chocolatey\bin;C:\MinGW\bin;C:\ProgramData\chocolatey\lib\maven\apache-maven-3.9.11\bin;C:\Program Files (x86)\Microsoft SQL Server\160\Tools\Binn\;C:\Program Files\Microsoft SQL Server\160\Tools\Binn\;C:\Program Files\Microsoft SQL Server\Client SDK\ODBC\170\Tools\Binn\;C:\Program Files\Microsoft SQL Server\160\DTS\Binn\;C:\Users\Admin\AppData\Local\Programs\Python\Python314\Scripts\;C:\Users\Admin\AppData\Local\Programs\Python\Python314\;C:\Users\Admin\AppData\Local\Microsoft\WindowsApps;C:\Users\Admin\AppData\Local\Programs\Microsoft VS Code\bin;C:\Users\Admin\AppData\Roaming\npm;C:\msys64\ucrt64\bin;C:\Users\huyicetea\AppData\Local\Programs\Microsoft VS Code\bin;C:\Users\Admin\AppData\Local\Programs\Python\Python314;C:\Users\Admin\AppData\Local\Programs\Python\Python314\Scripts;
USERNAME=Admin
OS=Windows_NT
PROCESSOR_IDENTIFIER=Intel64 Family 6 Model 140 Stepping 1, GenuineIntel
TMP=C:\Users\Admin\AppData\Local\Temp
TEMP=C:\Users\Admin\AppData\Local\Temp




Periodic native trim disabled

---------------  S Y S T E M  ---------------

OS:
 Windows 11 , 64 bit Build 22621 (10.0.22621.5415)
OS uptime: 0 days 12:23 hours
Hyper-V role detected

CPU: total 8 (initial active 8) (4 cores per cpu, 2 threads per core) family 6 model 140 stepping 1 microcode 0xb4, cx8, cmov, fxsr, ht, mmx, 3dnowpref, sse, sse2, sse3, ssse3, sse4.1, sse4.2, popcnt, lzcnt, tsc, tscinvbit, avx, avx2, aes, erms, clmul, bmi1, bmi2, adx, avx512f, avx512dq, avx512cd, avx512bw, avx512vl, sha, fma, vzeroupper, avx512_vpopcntdq, avx512_vpclmulqdq, avx512_vaes, avx512_vnni, clflush, clflushopt, clwb, avx512_vbmi2, avx512_vbmi, hv, rdtscp, rdpid, fsrm, gfni, avx512_bitalg, f16c, cet_ibt, cet_ss, avx512_ifma
Processor Information for processor 0
  Max Mhz: 2701, Current Mhz: 2701, Mhz Limit: 2701
Processor Information for processor 1
  Max Mhz: 2701, Current Mhz: 2701, Mhz Limit: 2701
Processor Information for processor 2
  Max Mhz: 2701, Current Mhz: 2701, Mhz Limit: 2701
Processor Information for processor 3
  Max Mhz: 2701, Current Mhz: 2701, Mhz Limit: 2701
Processor Information for processor 4
  Max Mhz: 2701, Current Mhz: 2701, Mhz Limit: 2701
Processor Information for processor 5
  Max Mhz: 2701, Current Mhz: 2701, Mhz Limit: 2701
Processor Information for processor 6
  Max Mhz: 2701, Current Mhz: 2701, Mhz Limit: 2701
Processor Information for processor 7
  Max Mhz: 2701, Current Mhz: 900, Mhz Limit: 2701

Memory: 4k page, system-wide physical 7834M (323M free)
TotalPageFile size 17258M (AvailPageFile size 0M)
current process WorkingSet (physical memory assigned to process): 104M, peak: 711M
current process commit charge ("private bytes"): 1323M, peak: 1375M

vm_info: OpenJDK 64-Bit Server VM (21.0.9+10-LTS) for windows-amd64 JRE (21.0.9+10-LTS), built on 2025-10-21T00:00:00Z by "admin" with unknown MS VC++:1942

END.
